<?xml version="1.0" encoding="UTF-8"?>
<coverage generated="1676288464818" clover="3.2.0">
  <project timestamp="1676288464818" name="All files">
    <metrics statements="20" coveredstatements="20" conditionals="4" coveredconditionals="4" methods="8" coveredmethods="8" elements="32" coveredelements="32" complexity="0" loc="20" ncloc="20" packages="1" files="5" classes="5"/>
    <file name="Stack.js" path="/Users/RanaSaniei/Desktop/AllWomen-Exercises/AWExercises/Week12/Stack.js">
      <metrics statements="6" coveredstatements="6" conditionals="0" coveredconditionals="0" methods="3" coveredmethods="3"/>
      <line num="3" count="3" type="stmt"/>
      <line num="4" count="3" type="stmt"/>
      <line num="8" count="4" type="stmt"/>
      <line num="9" count="4" type="stmt"/>
      <line num="13" count="1" type="stmt"/>
      <line num="17" count="1" type="stmt"/>
    </file>
    <file name="cloneArray.js" path="/Users/RanaSaniei/Desktop/AllWomen-Exercises/AWExercises/Week12/cloneArray.js">
      <metrics statements="2" coveredstatements="2" conditionals="0" coveredconditionals="0" methods="1" coveredmethods="1"/>
      <line num="2" count="2" type="stmt"/>
      <line num="6" count="1" type="stmt"/>
    </file>
    <file name="isUpperCase.js" path="/Users/RanaSaniei/Desktop/AllWomen-Exercises/AWExercises/Week12/isUpperCase.js">
      <metrics statements="6" coveredstatements="6" conditionals="4" coveredconditionals="4" methods="1" coveredmethods="1"/>
      <line num="2" count="7" type="cond" truecount="2" falsecount="0"/>
      <line num="3" count="3" type="stmt"/>
      <line num="6" count="4" type="cond" truecount="2" falsecount="0"/>
      <line num="7" count="1" type="stmt"/>
      <line num="10" count="3" type="stmt"/>
      <line num="13" count="1" type="stmt"/>
    </file>
    <file name="subtract.js" path="/Users/RanaSaniei/Desktop/AllWomen-Exercises/AWExercises/Week12/subtract.js">
      <metrics statements="2" coveredstatements="2" conditionals="0" coveredconditionals="0" methods="1" coveredmethods="1"/>
      <line num="2" count="1" type="stmt"/>
      <line num="5" count="1" type="stmt"/>
    </file>
    <file name="sum.js" path="/Users/RanaSaniei/Desktop/AllWomen-Exercises/AWExercises/Week12/sum.js">
      <metrics statements="4" coveredstatements="4" conditionals="0" coveredconditionals="0" methods="2" coveredmethods="2"/>
      <line num="2" count="1" type="stmt"/>
      <line num="6" count="1" type="stmt"/>
      <line num="7" count="1" type="stmt"/>
      <line num="10" count="1" type="stmt"/>
    </file>
  </project>
</coverage>
