{"/Users/RanaSaniei/Desktop/AllWomen-Exercises/AWExercises/Week12/Stack.js": {"path":"/Users/RanaSaniei/Desktop/AllWomen-Exercises/AWExercises/Week12/Stack.js","statementMap":{"0":{"start":{"line":3,"column":4},"end":{"line":3,"column":18}},"1":{"start":{"line":4,"column":4},"end":{"line":4,"column":20}},"2":{"start":{"line":8,"column":4},"end":{"line":8,"column":18}},"3":{"start":{"line":9,"column":4},"end":{"line":9,"column":32}},"4":{"start":{"line":13,"column":4},"end":{"line":13,"column":17}},"5":{"start":{"line":17,"column":0},"end":{"line":17,"column":23}}},"fnMap":{"0":{"name":"(anonymous_0)","decl":{"start":{"line":2,"column":2},"end":{"line":2,"column":3}},"loc":{"start":{"line":2,"column":15},"end":{"line":5,"column":3}},"line":2},"1":{"name":"(anonymous_1)","decl":{"start":{"line":7,"column":2},"end":{"line":7,"column":3}},"loc":{"start":{"line":7,"column":13},"end":{"line":10,"column":3}},"line":7},"2":{"name":"(anonymous_2)","decl":{"start":{"line":12,"column":2},"end":{"line":12,"column":3}},"loc":{"start":{"line":12,"column":7},"end":{"line":14,"column":3}},"line":12}},"branchMap":{},"s":{"0":3,"1":3,"2":4,"3":4,"4":1,"5":1},"f":{"0":3,"1":4,"2":1},"b":{},"_coverageSchema":"1a1c01bbd47fc00a2c39e90264f33305004495a9","hash":"340c82b5ce5fb3a99b45347737c57e9335f88539"}
,"/Users/RanaSaniei/Desktop/AllWomen-Exercises/AWExercises/Week12/cloneArray.js": {"path":"/Users/RanaSaniei/Desktop/AllWomen-Exercises/AWExercises/Week12/cloneArray.js","statementMap":{"0":{"start":{"line":2,"column":2},"end":{"line":2,"column":20}},"1":{"start":{"line":6,"column":0},"end":{"line":6,"column":28}}},"fnMap":{"0":{"name":"cloneArray","decl":{"start":{"line":1,"column":9},"end":{"line":1,"column":19}},"loc":{"start":{"line":1,"column":27},"end":{"line":4,"column":1}},"line":1}},"branchMap":{},"s":{"0":2,"1":1},"f":{"0":2},"b":{},"_coverageSchema":"1a1c01bbd47fc00a2c39e90264f33305004495a9","hash":"583d69d768e5ed211dffb52bf7909e53f085c3b6"}
,"/Users/RanaSaniei/Desktop/AllWomen-Exercises/AWExercises/Week12/isUpperCase.js": {"path":"/Users/RanaSaniei/Desktop/AllWomen-Exercises/AWExercises/Week12/isUpperCase.js","statementMap":{"0":{"start":{"line":2,"column":2},"end":{"line":4,"column":3}},"1":{"start":{"line":3,"column":4},"end":{"line":3,"column":17}},"2":{"start":{"line":6,"column":2},"end":{"line":8,"column":3}},"3":{"start":{"line":7,"column":4},"end":{"line":7,"column":51}},"4":{"start":{"line":10,"column":2},"end":{"line":10,"column":40}},"5":{"start":{"line":13,"column":0},"end":{"line":13,"column":29}}},"fnMap":{"0":{"name":"isUpperCase","decl":{"start":{"line":1,"column":9},"end":{"line":1,"column":20}},"loc":{"start":{"line":1,"column":27},"end":{"line":11,"column":1}},"line":1}},"branchMap":{"0":{"loc":{"start":{"line":2,"column":2},"end":{"line":4,"column":3}},"type":"if","locations":[{"start":{"line":2,"column":2},"end":{"line":4,"column":3}},{"start":{},"end":{}}],"line":2},"1":{"loc":{"start":{"line":6,"column":2},"end":{"line":8,"column":3}},"type":"if","locations":[{"start":{"line":6,"column":2},"end":{"line":8,"column":3}},{"start":{},"end":{}}],"line":6}},"s":{"0":7,"1":3,"2":4,"3":1,"4":3,"5":1},"f":{"0":7},"b":{"0":[3,4],"1":[1,3]},"_coverageSchema":"1a1c01bbd47fc00a2c39e90264f33305004495a9","hash":"ab58bd9b93b23b2136cacd97fe381ef71e66defe"}
,"/Users/RanaSaniei/Desktop/AllWomen-Exercises/AWExercises/Week12/subtract.js": {"path":"/Users/RanaSaniei/Desktop/AllWomen-Exercises/AWExercises/Week12/subtract.js","statementMap":{"0":{"start":{"line":2,"column":2},"end":{"line":2,"column":15}},"1":{"start":{"line":5,"column":0},"end":{"line":5,"column":26}}},"fnMap":{"0":{"name":"subtract","decl":{"start":{"line":1,"column":9},"end":{"line":1,"column":17}},"loc":{"start":{"line":1,"column":24},"end":{"line":4,"column":1}},"line":1}},"branchMap":{},"s":{"0":1,"1":1},"f":{"0":1},"b":{},"_coverageSchema":"1a1c01bbd47fc00a2c39e90264f33305004495a9","hash":"e894ca078e0b1063f8f097d1dcb6b5d1147f5d04"}
,"/Users/RanaSaniei/Desktop/AllWomen-Exercises/AWExercises/Week12/sum.js": {"path":"/Users/RanaSaniei/Desktop/AllWomen-Exercises/AWExercises/Week12/sum.js","statementMap":{"0":{"start":{"line":2,"column":2},"end":{"line":2,"column":15}},"1":{"start":{"line":6,"column":2},"end":{"line":6,"column":24}},"2":{"start":{"line":7,"column":2},"end":{"line":7,"column":18}},"3":{"start":{"line":10,"column":0},"end":{"line":10,"column":32}}},"fnMap":{"0":{"name":"sum","decl":{"start":{"line":1,"column":9},"end":{"line":1,"column":12}},"loc":{"start":{"line":1,"column":19},"end":{"line":3,"column":1}},"line":1},"1":{"name":"handler","decl":{"start":{"line":5,"column":9},"end":{"line":5,"column":16}},"loc":{"start":{"line":5,"column":18},"end":{"line":8,"column":1}},"line":5}},"branchMap":{},"s":{"0":1,"1":1,"2":1,"3":1},"f":{"0":1,"1":1},"b":{},"_coverageSchema":"1a1c01bbd47fc00a2c39e90264f33305004495a9","hash":"5a420d09af769ac705b13065cbbbc474f0629637"}
}
