TN:
SF:Stack.js
FN:2,(anonymous_0)
FN:7,(anonymous_1)
FN:12,(anonymous_2)
FNF:3
FNH:3
FNDA:3,(anonymous_0)
FNDA:4,(anonymous_1)
FNDA:1,(anonymous_2)
DA:3,3
DA:4,3
DA:8,4
DA:9,4
DA:13,1
DA:17,1
LF:6
LH:6
BRF:0
BRH:0
end_of_record
TN:
SF:cloneArray.js
FN:1,cloneArray
FNF:1
FNH:1
FNDA:2,cloneArray
DA:2,2
DA:6,1
LF:2
LH:2
BRF:0
BRH:0
end_of_record
TN:
SF:isUpperCase.js
FN:1,isUpperCase
FNF:1
FNH:1
FNDA:7,isUpperCase
DA:2,7
DA:3,3
DA:6,4
DA:7,1
DA:10,3
DA:13,1
LF:6
LH:6
BRDA:2,0,0,3
BRDA:2,0,1,4
BRDA:6,1,0,1
BRDA:6,1,1,3
BRF:4
BRH:4
end_of_record
TN:
SF:subtract.js
FN:1,subtract
FNF:1
FNH:1
FNDA:1,subtract
DA:2,1
DA:5,1
LF:2
LH:2
BRF:0
BRH:0
end_of_record
TN:
SF:sum.js
FN:1,sum
FN:5,handler
FNF:2
FNH:2
FNDA:1,sum
FNDA:1,handler
DA:2,1
DA:6,1
DA:7,1
DA:10,1
LF:4
LH:4
BRF:0
BRH:0
end_of_record
